<?xml version="1.0" encoding="UTF-8"?>
<!-- Generated by org.testng.reporters.JUnitReportReporter -->
<testsuite hostname="SEZLP657" failures="0" tests="2" name="Java.ABC.App" time="9.847" errors="0" timestamp="2022-08-14T00:46:10 IST" skipped="0">
  <testcase classname="Java.ABC.App" name="fftest1" time="5.656"/>
  <system-out/>
  <testcase classname="Java.ABC.App" name="Ctest" time="4.191"/>
  <system-out/>
</testsuite> <!-- Java.ABC.App -->
