<?xml version="1.0" encoding="UTF-8"?>
<!-- Generated by org.testng.reporters.JUnitReportReporter -->
<testsuite hostname="SEZLP657" failures="0" tests="1" name="Java.ABC.AppTest" time="0.011" errors="0" timestamp="2022-08-14T00:46:10 IST" skipped="0">
  <testcase classname="Java.ABC.AppTest" name="Test1" time="0.011"/>
  <system-out/>
</testsuite> <!-- Java.ABC.AppTest -->
