<?xml version="1.0" encoding="UTF-8"?>
<!-- Generated by org.testng.reporters.JUnitReportReporter -->
<testsuite hostname="SEZLP657" failures="0" tests="1" name="Java.ABC.AppTest" time="12.897" errors="0" timestamp="2022-08-17T08:04:10 IST" skipped="0">
  <testcase classname="Java.ABC.AppTest" name="Test2" time="12.897"/>
  <system-out/>
</testsuite> <!-- Java.ABC.AppTest -->
